
> @myapp/desktop@0.3.52-alpha dev
> node ../../node_modules/vite/bin/vite.js --host 127.0.0.1 --port 5174


  [32m[1mVITE[22m v5.4.21[39m  [2mready in [0m[1m337[22m[2m[0m ms[22m

  [32m➜[39m  [1mLocal[22m:   [36mhttp://127.0.0.1:[1m5174[22m/[39m
[2m[32m  ➜[39m[22m[2m  press [22m[1mh + enter[22m[2m to show help[22m
[2m9:46:31 am[22m [36m[1m[vite][22m[39m [32mhmr update [39m[2m/src/TorrentProgressWindow.tsx, /src/app.css[22m
[2m9:49:29 am[22m [36m[1m[vite][22m[39m [32mpage reload [39m[2msrc-tauri/src/windows.rs[22m
[2m9:56:42 am[22m [36m[1m[vite][22m[39m [32mpage reload [39m[2mtests/torrentProgressWindow.test.ts[22m
[2m9:57:20 am[22m [36m[1m[vite][22m[39m [32mhmr update [39m[2m/src/TorrentProgressWindow.tsx, /src/app.css[22m
[2m10:02:28 am[22m [36m[1m[vite][22m[39m [32mpage reload [39m[2msrc-tauri/capabilities/default.json[22m
[2m10:02:28 am[22m [36m[1m[vite][22m[39m [32mpage reload [39m[2msrc-tauri/gen/schemas/capabilities.json[22m
[2m10:02:28 am[22m [36m[1m[vite][22m[39m [32mpage reload [39m[2msrc-tauri/src/commands/mod.rs[22m
[2m10:02:28 am[22m [36m[1m[vite][22m[39m [32mpage reload [39m[2msrc-tauri/src/download/mod.rs[22m
[2m10:02:28 am[22m [36m[1m[vite][22m[39m [32mpage reload [39m[2msrc-tauri/src/ipc/mod.rs[22m
[2m10:02:28 am[22m [36m[1m[vite][22m[39m [32mpage reload [39m[2msrc-tauri/src/state/lifecycle.rs[22m
[2m10:02:28 am[22m [36m[1m[vite][22m[39m [32mpage reload [39m[2msrc-tauri/src/storage/mod.rs[22m
[2m10:02:28 am[22m [36m[1m[vite][22m[39m [32mhmr update [39m[2m/src/App.tsx, /src/app.css[22m
[2m10:02:28 am[22m [36m[1m[vite][22m[39m [32mpage reload [39m[2msrc-tauri/src/state.rs[22m
[2m10:02:28 am[22m [36m[1m[vite][22m[39m [32mpage reload [39m[2msrc-tauri/src/torrent.rs[22m
[2m10:02:28 am[22m [36m[1m[vite][22m[39m [32mpage reload [39m[2msrc-tauri/src/windows.rs[22m
[2m10:02:28 am[22m [36m[1m[vite][22m[39m [32mpage reload [39m[2mtests/appBootstrap.test.ts[22m
[2m10:02:28 am[22m [36m[1m[vite][22m[39m [32mpage reload [39m[2msrc-tauri/src/state/runtime.rs[22m
[2m10:02:28 am[22m [36m[1m[vite][22m[39m [32mpage reload [39m[2msrc-tauri/src/state/tests.rs[22m
[2m10:02:28 am[22m [36m[1m[vite][22m[39m [32mpage reload [39m[2msrc-tauri/src/state/torrent.rs[22m
[2m10:02:28 am[22m [36m[1m[vite][22m[39m [32mpage reload [39m[2msrc-tauri/src/state/types.rs[22m
[2m10:02:28 am[22m [36m[1m[vite][22m[39m [32mhmr update [39m[2m/src/DownloadProgressWindow.tsx, /src/app.css[22m
[2m10:02:28 am[22m [36m[1m[vite][22m[39m [32mhmr update [39m[2m/src/SettingsPage.tsx, /src/app.css[22m
[2m10:02:28 am[22m [36m[1m[vite][22m[39m [32mhmr update [39m[2m/src/BatchProgressWindow.tsx, /src/app.css, /src/DownloadPromptWindow.tsx, /src/DownloadProgressWindow.tsx, /src/TorrentProgressWindow.tsx, /src/App.tsx, /src/AddDownloadModal.tsx[22m
[2m10:02:28 am[22m [36m[1m[vite][22m[39m [32mhmr update [39m[2m/src/App.tsx, /src/app.css[22m
[2m10:02:28 am[22m [36m[1m[vite][22m[39m [32mpage reload [39m[2msrc/main.tsx[22m
[2m10:02:28 am[22m [36m[1m[vite][22m[39m [32mhmr update [39m[2m/src/TorrentProgressWindow.tsx, /src/app.css, /src/QueueView.tsx[22m
[2m10:02:28 am[22m [36m[1m[vite][22m[39m [32mhmr update [39m[2m/src/app.css, /src/SettingsPage.tsx[22m
[2m10:02:28 am[22m [36m[1m[vite][22m[39m [32mhmr update [39m[2m/src/BatchProgressWindow.tsx, /src/app.css, /src/DownloadProgressWindow.tsx, /src/TorrentProgressWindow.tsx, /src/App.tsx, /src/DownloadPromptWindow.tsx, /src/AddDownloadModal.tsx, /src/QueueView.tsx[22m
[2m10:02:28 am[22m [36m[1m[vite][22m[39m [32mhmr update [39m[2m/src/TorrentProgressWindow.tsx, /src/app.css[22m
[2m10:02:28 am[22m [36m[1m[vite][22m[39m [32mpage reload [39m[2mtests/torrentProgressPresentation.test.ts[22m
[2m10:02:28 am[22m [36m[1m[vite][22m[39m [32mhmr update [39m[2m/src/DownloadProgressWindow.tsx, /src/app.css[22m
[2m10:02:28 am[22m [36m[1m[vite][22m[39m [32mpage reload [39m[2msrc/torrentProgressPresentation.ts[22m
[2m10:02:28 am[22m [36m[1m[vite][22m[39m [32mpage reload [39m[2mtests/torrentProgressWindow.test.ts[22m
[2m10:02:28 am[22m [36m[1m[vite][22m[39m [32mpage reload [39m[2mtests/diagnosticsReport.test.ts[22m
[2m10:02:28 am[22m [36m[1m[vite][22m[39m [32mpage reload [39m[2mtests/downloadProgressCompact.test.ts[22m
[2m10:02:28 am[22m [36m[1m[vite][22m[39m [32mpage reload [39m[2mtests/queueRowPresentation.test.ts[22m
[2m10:02:28 am[22m [36m[1m[vite][22m[39m [32mpage reload [39m[2mtests/settingsDraftSync.test.ts[22m
[2m10:02:28 am[22m [36m[1m[vite][22m[39m [32mpage reload [39m[2mtests/settingsPageLayout.test.ts[22m
[2m10:02:28 am[22m [36m[1m[vite][22m[39m [32mpage reload [39m[2mtests/tauriCapabilities.test.ts[22m
[2m10:02:28 am[22m [36m[1m[vite][22m[39m [32mpage reload [39m[2mtests/torrentSettings.test.ts[22m
[2m10:02:38 am[22m [36m[1m[vite][22m[39m [32mpage reload [39m[2msrc-tauri/capabilities/default.json[22m
[2m10:02:38 am[22m [36m[1m[vite][22m[39m [32mpage reload [39m[2msrc-tauri/gen/schemas/capabilities.json[22m
[2m10:02:38 am[22m [36m[1m[vite][22m[39m [32mpage reload [39m[2msrc-tauri/src/commands/mod.rs[22m
[2m10:02:38 am[22m [36m[1m[vite][22m[39m [32mpage reload [39m[2msrc-tauri/src/download/mod.rs[22m
[2m10:02:38 am[22m [36m[1m[vite][22m[39m [32mpage reload [39m[2msrc-tauri/src/ipc/mod.rs[22m
[2m10:02:38 am[22m [36m[1m[vite][22m[39m [32mpage reload [39m[2msrc-tauri/src/state/lifecycle.rs[22m
[2m10:02:38 am[22m [36m[1m[vite][22m[39m [32mpage reload [39m[2msrc-tauri/src/storage/mod.rs[22m
[2m10:02:38 am[22m [36m[1m[vite][22m[39m [32mpage reload [39m[2msrc-tauri/src/state.rs[22m
[2m10:02:38 am[22m [36m[1m[vite][22m[39m [32mpage reload [39m[2msrc-tauri/src/torrent.rs[22m
[2m10:02:38 am[22m [36m[1m[vite][22m[39m [32mpage reload [39m[2msrc-tauri/src/windows.rs[22m
[2m10:02:38 am[22m [36m[1m[vite][22m[39m [32mhmr update [39m[2m/src/App.tsx, /src/app.css[22m
[2m10:02:38 am[22m [36m[1m[vite][22m[39m [32mpage reload [39m[2msrc-tauri/src/state/runtime.rs[22m
[2m10:02:38 am[22m [36m[1m[vite][22m[39m [32mpage reload [39m[2msrc-tauri/src/state/tests.rs[22m
[2m10:02:38 am[22m [36m[1m[vite][22m[39m [32mpage reload [39m[2msrc-tauri/src/state/torrent.rs[22m
[2m10:02:38 am[22m [36m[1m[vite][22m[39m [32mpage reload [39m[2msrc-tauri/src/state/types.rs[22m
[2m10:02:38 am[22m [36m[1m[vite][22m[39m [32mpage reload [39m[2mtests/appBootstrap.test.ts[22m
[2m10:02:38 am[22m [36m[1m[vite][22m[39m [32mhmr update [39m[2m/src/DownloadProgressWindow.tsx, /src/app.css[22m
[2m10:02:38 am[22m [36m[1m[vite][22m[39m [32mhmr update [39m[2m/src/SettingsPage.tsx, /src/app.css[22m
[2m10:02:38 am[22m [36m[1m[vite][22m[39m [32mhmr update [39m[2m/src/BatchProgressWindow.tsx, /src/app.css, /src/DownloadPromptWindow.tsx, /src/DownloadProgressWindow.tsx, /src/App.tsx, /src/AddDownloadModal.tsx[22m
[2m10:02:38 am[22m [36m[1m[vite][22m[39m [32mhmr update [39m[2m/src/App.tsx, /src/app.css[22m
[2m10:02:38 am[22m [36m[1m[vite][22m[39m [32mpage reload [39m[2msrc/main.tsx[22m
[2m10:02:38 am[22m [36m[1m[vite][22m[39m [32mhmr update [39m[2m/src/app.css, /src/QueueView.tsx, /src/DownloadProgressWindow.tsx[22m
[2m10:02:38 am[22m [36m[1m[vite][22m[39m [32mhmr update [39m[2m/src/app.css, /src/SettingsPage.tsx[22m
[2m10:02:38 am[22m [36m[1m[vite][22m[39m [32mhmr update [39m[2m/src/BatchProgressWindow.tsx, /src/app.css, /src/DownloadProgressWindow.tsx, /src/App.tsx, /src/DownloadPromptWindow.tsx, /src/AddDownloadModal.tsx, /src/QueueView.tsx[22m
[2m10:02:38 am[22m [36m[1m[vite][22m[39m [32mpage reload [39m[2msrc/torrentProgressPresentation.ts[22m
[2m10:02:38 am[22m [36m[1m[vite][22m[39m [32mhmr update [39m[2m/src/TorrentProgressWindow.tsx, /src/app.css[22m
[2m10:02:38 am[22m [36m[1m[vite][22m[39m [32mpage reload [39m[2msrc/useProgressPopup.ts[22m
[2m10:02:38 am[22m [36m[1m[vite][22m[39m [32mpage reload [39m[2mtests/diagnosticsReport.test.ts[22m
[2m10:02:38 am[22m [36m[1m[vite][22m[39m [32mpage reload [39m[2mtests/downloadProgressCompact.test.ts[22m
[2m10:02:38 am[22m [36m[1m[vite][22m[39m [32mpage reload [39m[2mtests/queueRowPresentation.test.ts[22m
[2m10:02:38 am[22m [36m[1m[vite][22m[39m [32mpage reload [39m[2mtests/settingsDraftSync.test.ts[22m
[2m10:02:38 am[22m [36m[1m[vite][22m[39m [32mpage reload [39m[2mtests/settingsPageLayout.test.ts[22m
[2m10:02:38 am[22m [36m[1m[vite][22m[39m [32mpage reload [39m[2mtests/tauriCapabilities.test.ts[22m
[2m10:02:38 am[22m [36m[1m[vite][22m[39m [32mpage reload [39m[2mtests/torrentSettings.test.ts[22m
[2m10:02:38 am[22m [36m[1m[vite][22m[39m [32mpage reload [39m[2mtests/torrentProgressPresentation.test.ts[22m
[2m10:02:38 am[22m [36m[1m[vite][22m[39m [32mpage reload [39m[2mtests/torrentProgressWindow.test.ts[22m
[2m10:04:03 am[22m [36m[1m[vite][22m[39m [32mpage reload [39m[2msrc-tauri/target/release/build/simple-download-manager-desktop-backend-aeefd55c8cd30893/out/tauri-codegen-assets/b19423c411f161b8a69530c72099dd31133ae38287dfaf72c5b19306cbb130d4.html[22m
